# JRE version: Java(TM) SE Runtime Environment (17.0.9+11) (build 17.0.9+11-LTS-201)
# Java VM: Java HotSpot(TM) 64-Bit Server VM (17.0.9+11-LTS-201, mixed mode, sharing, tiered, compressed oops, compressed class ptrs, g1 gc, windows-amd64)
GC Precious Log:
 CPUs: 12 total, 12 available
 Memory: 6005M
 Large Page Support: Disabled
 NUMA Support: Disabled
 Compressed Oops: Enabled (32-bit)
 Heap Region Size: 1M
 Heap Min Capacity: 8M
 Heap Initial Capacity: 94M
 Heap Max Capacity: 2G
 Pre-touch: Disabled
 Parallel Workers: 10
 Concurrent Workers: 3
 Concurrent Refinement Workers: 10
 Periodic GC: Disabled
Heap:
 garbage-first heap   total 337920K, used 199812K [0x0000000080000000, 0x0000000100000000)
  region size 1024K, 7 young (7168K), 7 survivors (7168K)
 Metaspace       used 104337K, committed 105664K, reserved 557056K
  class space    used 14650K, committed 15232K, reserved 425984K
GC Heap History (20 events):
Event: 55.845 GC heap after
{Heap after GC invocations=38 (full 0):
 garbage-first heap   total 168960K, used 91857K [0x0000000080000000, 0x0000000100000000)
  region size 1024K, 4 young (4096K), 4 survivors (4096K)
 Metaspace       used 78758K, committed 79552K, reserved 557056K
  class space    used 10982K, committed 11328K, reserved 425984K
}
Event: 56.744 GC heap before
{Heap before GC invocations=38 (full 0):
 garbage-first heap   total 168960K, used 132817K [0x0000000080000000, 0x0000000100000000)
  region size 1024K, 44 young (45056K), 4 survivors (4096K)
 Metaspace       used 81372K, committed 82112K, reserved 557056K
  class space    used 11414K, committed 11776K, reserved 425984K
}
Event: 56.755 GC heap after
{Heap after GC invocations=39 (full 0):
 garbage-first heap   total 168960K, used 93306K [0x0000000080000000, 0x0000000100000000)
  region size 1024K, 5 young (5120K), 5 survivors (5120K)
 Metaspace       used 81372K, committed 82112K, reserved 557056K
  class space    used 11414K, committed 11776K, reserved 425984K
}
Event: 57.597 GC heap before
{Heap before GC invocations=39 (full 0):
 garbage-first heap   total 168960K, used 135290K [0x0000000080000000, 0x0000000100000000)
  region size 1024K, 46 young (47104K), 5 survivors (5120K)
 Metaspace       used 84203K, committed 84864K, reserved 557056K
  class space    used 11907K, committed 12224K, reserved 425984K
}
Event: 57.613 GC heap after
{Heap after GC invocations=40 (full 0):
 garbage-first heap   total 168960K, used 94873K [0x0000000080000000, 0x0000000100000000)
  region size 1024K, 3 young (3072K), 3 survivors (3072K)
 Metaspace       used 84203K, committed 84864K, reserved 557056K
  class space    used 11907K, committed 12224K, reserved 425984K
}
Event: 58.263 GC heap before
{Heap before GC invocations=40 (full 0):
 garbage-first heap   total 168960K, used 137881K [0x0000000080000000, 0x0000000100000000)
  region size 1024K, 45 young (46080K), 3 survivors (3072K)
 Metaspace       used 86133K, committed 86912K, reserved 557056K
  class space    used 12177K, committed 12544K, reserved 425984K
}
Event: 58.279 GC heap after
{Heap after GC invocations=41 (full 0):
 garbage-first heap   total 337920K, used 98206K [0x0000000080000000, 0x0000000100000000)
  region size 1024K, 6 young (6144K), 6 survivors (6144K)
 Metaspace       used 86133K, committed 86912K, reserved 557056K
  class space    used 12177K, committed 12544K, reserved 425984K
}
Event: 62.240 GC heap before
{Heap before GC invocations=41 (full 0):
 garbage-first heap   total 337920K, used 265118K [0x0000000080000000, 0x0000000100000000)
  region size 1024K, 163 young (166912K), 6 survivors (6144K)
 Metaspace       used 92254K, committed 93248K, reserved 557056K
  class space    used 12950K, committed 13376K, reserved 425984K
}
Event: 62.348 GC heap after
{Heap after GC invocations=42 (full 0):
 garbage-first heap   total 337920K, used 130488K [0x0000000080000000, 0x0000000100000000)
  region size 1024K, 21 young (21504K), 21 survivors (21504K)
 Metaspace       used 92254K, committed 93248K, reserved 557056K
  class space    used 12950K, committed 13376K, reserved 425984K
}
Event: 64.149 GC heap before
{Heap before GC invocations=42 (full 0):
 garbage-first heap   total 337920K, used 239032K [0x0000000080000000, 0x0000000100000000)
  region size 1024K, 127 young (130048K), 21 survivors (21504K)
 Metaspace       used 96550K, committed 97536K, reserved 557056K
  class space    used 13583K, committed 14016K, reserved 425984K
}
Event: 64.225 GC heap after
{Heap after GC invocations=43 (full 0):
 garbage-first heap   total 337920K, used 141156K [0x0000000080000000, 0x0000000100000000)
  region size 1024K, 10 young (10240K), 10 survivors (10240K)
 Metaspace       used 96550K, committed 97536K, reserved 557056K
  class space    used 13583K, committed 14016K, reserved 425984K
}
Event: 65.809 GC heap before
{Heap before GC invocations=43 (full 0):
 garbage-first heap   total 337920K, used 250724K [0x0000000080000000, 0x0000000100000000)
  region size 1024K, 115 young (117760K), 10 survivors (10240K)
 Metaspace       used 97139K, committed 98240K, reserved 557056K
  class space    used 13648K, committed 14080K, reserved 425984K
}
Event: 65.850 GC heap after
{Heap after GC invocations=44 (full 0):
 garbage-first heap   total 337920K, used 163655K [0x0000000080000000, 0x0000000100000000)
  region size 1024K, 15 young (15360K), 15 survivors (15360K)
 Metaspace       used 97139K, committed 98240K, reserved 557056K
  class space    used 13648K, committed 14080K, reserved 425984K
}
Event: 67.964 GC heap before
{Heap before GC invocations=44 (full 0):
 garbage-first heap   total 337920K, used 256839K [0x0000000080000000, 0x0000000100000000)
  region size 1024K, 107 young (109568K), 15 survivors (15360K)
 Metaspace       used 102007K, committed 103168K, reserved 557056K
  class space    used 14323K, committed 14848K, reserved 425984K
}
Event: 68.009 GC heap after
{Heap after GC invocations=45 (full 0):
 garbage-first heap   total 337920K, used 176737K [0x0000000080000000, 0x0000000100000000)
  region size 1024K, 12 young (12288K), 12 survivors (12288K)
 Metaspace       used 102007K, committed 103168K, reserved 557056K
  class space    used 14323K, committed 14848K, reserved 425984K
}
Event: 69.032 GC heap before
{Heap before GC invocations=45 (full 0):
 garbage-first heap   total 337920K, used 263777K [0x0000000080000000, 0x0000000100000000)
  region size 1024K, 98 young (100352K), 12 survivors (12288K)
 Metaspace       used 103366K, committed 104576K, reserved 557056K
  class space    used 14562K, committed 15104K, reserved 425984K
}
Event: 69.057 GC heap after
{Heap after GC invocations=46 (full 0):
 garbage-first heap   total 337920K, used 185957K [0x0000000080000000, 0x0000000100000000)
  region size 1024K, 10 young (10240K), 10 survivors (10240K)
 Metaspace       used 103366K, committed 104576K, reserved 557056K
  class space    used 14562K, committed 15104K, reserved 425984K
}
Event: 70.419 GC heap before
{Heap before GC invocations=46 (full 0):
 garbage-first heap   total 337920K, used 267877K [0x0000000080000000, 0x0000000100000000)
  region size 1024K, 91 young (93184K), 10 survivors (10240K)
 Metaspace       used 104097K, committed 105280K, reserved 557056K
  class space    used 14623K, committed 15168K, reserved 425984K
}
Event: 70.496 GC heap after
{Heap after GC invocations=47 (full 0):
 garbage-first heap   total 337920K, used 193160K [0x0000000080000000, 0x0000000100000000)
  region size 1024K, 7 young (7168K), 7 survivors (7168K)
 Metaspace       used 104097K, committed 105280K, reserved 557056K
  class space    used 14623K, committed 15168K, reserved 425984K
}
Event: 72.547 GC heap before
{Heap before GC invocations=47 (full 0):
 garbage-first heap   total 337920K, used 285320K [0x0000000080000000, 0x0000000100000000)
  region size 1024K, 86 young (88064K), 7 survivors (7168K)
 Metaspace       used 104337K, committed 105664K, reserved 557056K
  class space    used 14650K, committed 15232K, reserved 425984K
}

