# JRE version: Java(TM) SE Runtime Environment (17.0.9+11) (build 17.0.9+11-LTS-201)
# Java VM: Java HotSpot(TM) 64-Bit Server VM (17.0.9+11-LTS-201, mixed mode, sharing, tiered, compressed oops, compressed class ptrs, g1 gc, windows-amd64)
GC Precious Log:
 CPUs: 12 total, 12 available
 Memory: 6005M
 Large Page Support: Disabled
 NUMA Support: Disabled
 Compressed Oops: Enabled (32-bit)
 Heap Region Size: 1M
 Heap Min Capacity: 8M
 Heap Initial Capacity: 94M
 Heap Max Capacity: 2G
 Pre-touch: Disabled
 Parallel Workers: 10
 Concurrent Workers: 3
 Concurrent Refinement Workers: 10
 Periodic GC: Disabled
Heap:
 garbage-first heap   total 282624K, used 173504K [0x0000000080000000, 0x0000000100000000)
  region size 1024K, 83 young (84992K), 6 survivors (6144K)
 Metaspace       used 89675K, committed 90496K, reserved 557056K
  class space    used 12601K, committed 12992K, reserved 425984K
GC Heap History (20 events):
Event: 20.892 GC heap before
{Heap before GC invocations=36 (full 0):
 garbage-first heap   total 141312K, used 75828K [0x0000000080000000, 0x0000000100000000)
  region size 1024K, 9 young (9216K), 4 survivors (4096K)
 Metaspace       used 64803K, committed 65536K, reserved 491520K
  class space    used 9216K, committed 9536K, reserved 425984K
}
Event: 20.896 GC heap after
{Heap after GC invocations=37 (full 0):
 garbage-first heap   total 141312K, used 75395K [0x0000000080000000, 0x0000000100000000)
  region size 1024K, 4 young (4096K), 4 survivors (4096K)
 Metaspace       used 64803K, committed 65536K, reserved 491520K
  class space    used 9216K, committed 9536K, reserved 425984K
}
Event: 21.225 GC heap before
{Heap before GC invocations=38 (full 0):
 garbage-first heap   total 141312K, used 99971K [0x0000000080000000, 0x0000000100000000)
  region size 1024K, 27 young (27648K), 4 survivors (4096K)
 Metaspace       used 66296K, committed 67008K, reserved 491520K
  class space    used 9405K, committed 9728K, reserved 425984K
}
Event: 21.229 GC heap after
{Heap after GC invocations=39 (full 0):
 garbage-first heap   total 141312K, used 79363K [0x0000000080000000, 0x0000000100000000)
  region size 1024K, 3 young (3072K), 3 survivors (3072K)
 Metaspace       used 66296K, committed 67008K, reserved 491520K
  class space    used 9405K, committed 9728K, reserved 425984K
}
Event: 21.258 GC heap before
{Heap before GC invocations=39 (full 0):
 garbage-first heap   total 141312K, used 82435K [0x0000000080000000, 0x0000000100000000)
  region size 1024K, 6 young (6144K), 3 survivors (3072K)
 Metaspace       used 66537K, committed 67200K, reserved 491520K
  class space    used 9437K, committed 9728K, reserved 425984K
}
Event: 21.260 GC heap after
{Heap after GC invocations=40 (full 0):
 garbage-first heap   total 141312K, used 79328K [0x0000000080000000, 0x0000000100000000)
  region size 1024K, 1 young (1024K), 1 survivors (1024K)
 Metaspace       used 66537K, committed 67200K, reserved 491520K
  class space    used 9437K, committed 9728K, reserved 425984K
}
Event: 21.576 GC heap before
{Heap before GC invocations=40 (full 0):
 garbage-first heap   total 141312K, used 101856K [0x0000000080000000, 0x0000000100000000)
  region size 1024K, 24 young (24576K), 1 survivors (1024K)
 Metaspace       used 68677K, committed 69440K, reserved 491520K
  class space    used 9657K, committed 9984K, reserved 425984K
}
Event: 21.578 GC heap after
{Heap after GC invocations=41 (full 0):
 garbage-first heap   total 141312K, used 79806K [0x0000000080000000, 0x0000000100000000)
  region size 1024K, 1 young (1024K), 1 survivors (1024K)
 Metaspace       used 68677K, committed 69440K, reserved 491520K
  class space    used 9657K, committed 9984K, reserved 425984K
}
Event: 21.964 GC heap before
{Heap before GC invocations=42 (full 0):
 garbage-first heap   total 141312K, used 108478K [0x0000000080000000, 0x0000000100000000)
  region size 1024K, 26 young (26624K), 1 survivors (1024K)
 Metaspace       used 70706K, committed 71424K, reserved 491520K
  class space    used 9897K, committed 10240K, reserved 425984K
}
Event: 21.970 GC heap after
{Heap after GC invocations=43 (full 0):
 garbage-first heap   total 141312K, used 86852K [0x0000000080000000, 0x0000000100000000)
  region size 1024K, 4 young (4096K), 4 survivors (4096K)
 Metaspace       used 70706K, committed 71424K, reserved 491520K
  class space    used 9897K, committed 10240K, reserved 425984K
}
Event: 21.979 GC heap before
{Heap before GC invocations=43 (full 0):
 garbage-first heap   total 141312K, used 90948K [0x0000000080000000, 0x0000000100000000)
  region size 1024K, 6 young (6144K), 4 survivors (4096K)
 Metaspace       used 70706K, committed 71424K, reserved 491520K
  class space    used 9897K, committed 10240K, reserved 425984K
}
Event: 21.984 GC heap after
{Heap after GC invocations=44 (full 0):
 garbage-first heap   total 141312K, used 88291K [0x0000000080000000, 0x0000000100000000)
  region size 1024K, 1 young (1024K), 1 survivors (1024K)
 Metaspace       used 70706K, committed 71424K, reserved 491520K
  class space    used 9897K, committed 10240K, reserved 425984K
}
Event: 22.288 GC heap before
{Heap before GC invocations=44 (full 0):
 garbage-first heap   total 141312K, used 108771K [0x0000000080000000, 0x0000000100000000)
  region size 1024K, 22 young (22528K), 1 survivors (1024K)
 Metaspace       used 72132K, committed 72896K, reserved 491520K
  class space    used 10093K, committed 10432K, reserved 425984K
}
Event: 22.292 GC heap after
{Heap after GC invocations=45 (full 0):
 garbage-first heap   total 282624K, used 89162K [0x0000000080000000, 0x0000000100000000)
  region size 1024K, 2 young (2048K), 2 survivors (2048K)
 Metaspace       used 72132K, committed 72896K, reserved 491520K
  class space    used 10093K, committed 10432K, reserved 425984K
}
Event: 23.383 GC heap before
{Heap before GC invocations=46 (full 0):
 garbage-first heap   total 282624K, used 184394K [0x0000000080000000, 0x0000000100000000)
  region size 1024K, 98 young (100352K), 2 survivors (2048K)
 Metaspace       used 77043K, committed 77760K, reserved 557056K
  class space    used 10746K, committed 11072K, reserved 425984K
}
Event: 23.391 GC heap after
{Heap after GC invocations=47 (full 0):
 garbage-first heap   total 282624K, used 90739K [0x0000000080000000, 0x0000000100000000)
  region size 1024K, 8 young (8192K), 8 survivors (8192K)
 Metaspace       used 77043K, committed 77760K, reserved 557056K
  class space    used 10746K, committed 11072K, reserved 425984K
}
Event: 23.420 GC heap before
{Heap before GC invocations=47 (full 0):
 garbage-first heap   total 282624K, used 95859K [0x0000000080000000, 0x0000000100000000)
  region size 1024K, 13 young (13312K), 8 survivors (8192K)
 Metaspace       used 77045K, committed 77760K, reserved 557056K
  class space    used 10746K, committed 11072K, reserved 425984K
}
Event: 23.427 GC heap after
{Heap after GC invocations=48 (full 0):
 garbage-first heap   total 282624K, used 91474K [0x0000000080000000, 0x0000000100000000)
  region size 1024K, 2 young (2048K), 2 survivors (2048K)
 Metaspace       used 77045K, committed 77760K, reserved 557056K
  class space    used 10746K, committed 11072K, reserved 425984K
}
Event: 34.318 GC heap before
{Heap before GC invocations=48 (full 0):
 garbage-first heap   total 282624K, used 208210K [0x0000000080000000, 0x0000000100000000)
  region size 1024K, 115 young (117760K), 2 survivors (2048K)
 Metaspace       used 84487K, committed 85184K, reserved 557056K
  class space    used 11940K, committed 12288K, reserved 425984K
}
Event: 34.327 GC heap after
{Heap after GC invocations=49 (full 0):
 garbage-first heap   total 282624K, used 95680K [0x0000000080000000, 0x0000000100000000)
  region size 1024K, 6 young (6144K), 6 survivors (6144K)
 Metaspace       used 84487K, committed 85184K, reserved 557056K
  class space    used 11940K, committed 12288K, reserved 425984K
}

