# JRE version: Java(TM) SE Runtime Environment (17.0.9+11) (build 17.0.9+11-LTS-201)
# Java VM: Java HotSpot(TM) 64-Bit Server VM (17.0.9+11-LTS-201, mixed mode, sharing, tiered, compressed oops, compressed class ptrs, g1 gc, windows-amd64)
GC Precious Log:
 CPUs: 12 total, 12 available
 Memory: 6005M
 Large Page Support: Disabled
 NUMA Support: Disabled
 Compressed Oops: Enabled (32-bit)
 Heap Region Size: 1M
 Heap Min Capacity: 8M
 Heap Initial Capacity: 94M
 Heap Max Capacity: 2G
 Pre-touch: Disabled
 Parallel Workers: 10
 Concurrent Workers: 3
 Concurrent Refinement Workers: 10
 Periodic GC: Disabled
Heap:
 garbage-first heap   total 236544K, used 177792K [0x0000000080000000, 0x0000000100000000)
  region size 1024K, 4 young (4096K), 4 survivors (4096K)
 Metaspace       used 103401K, committed 104512K, reserved 557056K
  class space    used 14560K, committed 15104K, reserved 425984K
GC Heap History (20 events):
Event: 34.764 GC heap after
{Heap after GC invocations=57 (full 0):
 garbage-first heap   total 196608K, used 136646K [0x0000000080000000, 0x0000000100000000)
  region size 1024K, 4 young (4096K), 4 survivors (4096K)
 Metaspace       used 96284K, committed 97216K, reserved 557056K
  class space    used 13567K, committed 14016K, reserved 425984K
}
Event: 34.970 GC heap before
{Heap before GC invocations=57 (full 0):
 garbage-first heap   total 196608K, used 165318K [0x0000000080000000, 0x0000000100000000)
  region size 1024K, 32 young (32768K), 4 survivors (4096K)
 Metaspace       used 96513K, committed 97408K, reserved 557056K
  class space    used 13590K, committed 14016K, reserved 425984K
}
Event: 34.977 GC heap after
{Heap after GC invocations=58 (full 0):
 garbage-first heap   total 196608K, used 140696K [0x0000000080000000, 0x0000000100000000)
  region size 1024K, 4 young (4096K), 4 survivors (4096K)
 Metaspace       used 96513K, committed 97408K, reserved 557056K
  class space    used 13590K, committed 14016K, reserved 425984K
}
Event: 35.147 GC heap before
{Heap before GC invocations=58 (full 0):
 garbage-first heap   total 196608K, used 166296K [0x0000000080000000, 0x0000000100000000)
  region size 1024K, 29 young (29696K), 4 survivors (4096K)
 Metaspace       used 96538K, committed 97472K, reserved 557056K
  class space    used 13591K, committed 14080K, reserved 425984K
}
Event: 35.155 GC heap after
{Heap after GC invocations=59 (full 0):
 garbage-first heap   total 196608K, used 145663K [0x0000000080000000, 0x0000000100000000)
  region size 1024K, 4 young (4096K), 4 survivors (4096K)
 Metaspace       used 96538K, committed 97472K, reserved 557056K
  class space    used 13591K, committed 14080K, reserved 425984K
}
Event: 35.291 GC heap before
{Heap before GC invocations=59 (full 0):
 garbage-first heap   total 196608K, used 166143K [0x0000000080000000, 0x0000000100000000)
  region size 1024K, 24 young (24576K), 4 survivors (4096K)
 Metaspace       used 96553K, committed 97472K, reserved 557056K
  class space    used 13591K, committed 14080K, reserved 425984K
}
Event: 35.299 GC heap after
{Heap after GC invocations=60 (full 0):
 garbage-first heap   total 236544K, used 149764K [0x0000000080000000, 0x0000000100000000)
  region size 1024K, 3 young (3072K), 3 survivors (3072K)
 Metaspace       used 96553K, committed 97472K, reserved 557056K
  class space    used 13591K, committed 14080K, reserved 425984K
}
Event: 35.877 GC heap before
{Heap before GC invocations=60 (full 0):
 garbage-first heap   total 236544K, used 192772K [0x0000000080000000, 0x0000000100000000)
  region size 1024K, 45 young (46080K), 3 survivors (3072K)
 Metaspace       used 97713K, committed 98688K, reserved 557056K
  class space    used 13755K, committed 14208K, reserved 425984K
}
Event: 35.886 GC heap after
{Heap after GC invocations=61 (full 0):
 garbage-first heap   total 236544K, used 157685K [0x0000000080000000, 0x0000000100000000)
  region size 1024K, 6 young (6144K), 6 survivors (6144K)
 Metaspace       used 97713K, committed 98688K, reserved 557056K
  class space    used 13755K, committed 14208K, reserved 425984K
}
Event: 36.532 GC heap before
{Heap before GC invocations=61 (full 0):
 garbage-first heap   total 236544K, used 194549K [0x0000000080000000, 0x0000000100000000)
  region size 1024K, 42 young (43008K), 6 survivors (6144K)
 Metaspace       used 100832K, committed 101824K, reserved 557056K
  class space    used 14212K, committed 14720K, reserved 425984K
}
Event: 36.541 GC heap after
{Heap after GC invocations=62 (full 0):
 garbage-first heap   total 236544K, used 160629K [0x0000000080000000, 0x0000000100000000)
  region size 1024K, 3 young (3072K), 3 survivors (3072K)
 Metaspace       used 100832K, committed 101824K, reserved 557056K
  class space    used 14212K, committed 14720K, reserved 425984K
}
Event: 37.196 GC heap before
{Heap before GC invocations=62 (full 0):
 garbage-first heap   total 236544K, used 196469K [0x0000000080000000, 0x0000000100000000)
  region size 1024K, 38 young (38912K), 3 survivors (3072K)
 Metaspace       used 101740K, committed 102784K, reserved 557056K
  class space    used 14302K, committed 14848K, reserved 425984K
}
Event: 37.203 GC heap after
{Heap after GC invocations=63 (full 0):
 garbage-first heap   total 236544K, used 165884K [0x0000000080000000, 0x0000000100000000)
  region size 1024K, 5 young (5120K), 5 survivors (5120K)
 Metaspace       used 101740K, committed 102784K, reserved 557056K
  class space    used 14302K, committed 14848K, reserved 425984K
}
Event: 37.566 GC heap before
{Heap before GC invocations=63 (full 0):
 garbage-first heap   total 236544K, used 198652K [0x0000000080000000, 0x0000000100000000)
  region size 1024K, 37 young (37888K), 5 survivors (5120K)
 Metaspace       used 101959K, committed 103040K, reserved 557056K
  class space    used 14304K, committed 14848K, reserved 425984K
}
Event: 37.575 GC heap after
{Heap after GC invocations=64 (full 0):
 garbage-first heap   total 236544K, used 169266K [0x0000000080000000, 0x0000000100000000)
  region size 1024K, 3 young (3072K), 3 survivors (3072K)
 Metaspace       used 101959K, committed 103040K, reserved 557056K
  class space    used 14304K, committed 14848K, reserved 425984K
}
Event: 37.889 GC heap before
{Heap before GC invocations=64 (full 0):
 garbage-first heap   total 236544K, used 199986K [0x0000000080000000, 0x0000000100000000)
  region size 1024K, 33 young (33792K), 3 survivors (3072K)
 Metaspace       used 102751K, committed 103808K, reserved 557056K
  class space    used 14472K, committed 14976K, reserved 425984K
}
Event: 37.897 GC heap after
{Heap after GC invocations=65 (full 0):
 garbage-first heap   total 236544K, used 173184K [0x0000000080000000, 0x0000000100000000)
  region size 1024K, 5 young (5120K), 5 survivors (5120K)
 Metaspace       used 102751K, committed 103808K, reserved 557056K
  class space    used 14472K, committed 14976K, reserved 425984K
}
Event: 38.220 GC heap before
{Heap before GC invocations=65 (full 0):
 garbage-first heap   total 236544K, used 199808K [0x0000000080000000, 0x0000000100000000)
  region size 1024K, 32 young (32768K), 5 survivors (5120K)
 Metaspace       used 103076K, committed 104192K, reserved 557056K
  class space    used 14517K, committed 15040K, reserved 425984K
}
Event: 38.226 GC heap after
{Heap after GC invocations=66 (full 0):
 garbage-first heap   total 236544K, used 174405K [0x0000000080000000, 0x0000000100000000)
  region size 1024K, 2 young (2048K), 2 survivors (2048K)
 Metaspace       used 103076K, committed 104192K, reserved 557056K
  class space    used 14517K, committed 15040K, reserved 425984K
}
Event: 38.599 GC heap before
{Heap before GC invocations=66 (full 0):
 garbage-first heap   total 236544K, used 201029K [0x0000000080000000, 0x0000000100000000)
  region size 1024K, 29 young (29696K), 2 survivors (2048K)
 Metaspace       used 103401K, committed 104512K, reserved 557056K
  class space    used 14560K, committed 15104K, reserved 425984K
}

